nohup: ignoring input
[I 2024-09-27 16:37:48.038 ServerApp] jupyter_lsp | extension was successfully linked.
[I 2024-09-27 16:37:48.049 ServerApp] jupyter_server_terminals | extension was successfully linked.
[I 2024-09-27 16:37:48.071 ServerApp] jupyterlab | extension was successfully linked.
[I 2024-09-27 16:37:48.078 ServerApp] Writing Jupyter server cookie secret to /home/ec2-user/.local/share/jupyter/runtime/jupyter_cookie_secret
[I 2024-09-27 16:37:48.897 ServerApp] notebook_shim | extension was successfully linked.
[I 2024-09-27 16:37:48.981 ServerApp] notebook_shim | extension was successfully loaded.
[I 2024-09-27 16:37:48.997 ServerApp] jupyter_lsp | extension was successfully loaded.
[I 2024-09-27 16:37:49.003 ServerApp] jupyter_server_terminals | extension was successfully loaded.
[I 2024-09-27 16:37:49.009 LabApp] JupyterLab extension loaded from /home/ec2-user/environment/jupyterlab-venv/lib64/python3.9/site-packages/jupyterlab
[I 2024-09-27 16:37:49.009 LabApp] JupyterLab application directory is /home/ec2-user/environment/jupyterlab-venv/share/jupyter/lab
[I 2024-09-27 16:37:49.012 LabApp] Extension Manager is 'pypi'.
[I 2024-09-27 16:37:49.024 ServerApp] jupyterlab | extension was successfully loaded.
[I 2024-09-27 16:37:49.025 ServerApp] Serving notebooks from local directory: /home/ec2-user/environment
[I 2024-09-27 16:37:49.025 ServerApp] Jupyter Server 2.14.2 is running at:
[I 2024-09-27 16:37:49.025 ServerApp] http://ip-10-0-1-149.ec2.internal:8888/lab?token=e632bc177e57695a2d623073777dc1477ee9437e18874b94
[I 2024-09-27 16:37:49.026 ServerApp]     http://127.0.0.1:8888/lab?token=e632bc177e57695a2d623073777dc1477ee9437e18874b94
[I 2024-09-27 16:37:49.026 ServerApp] Use Control-C to stop this server and shut down all kernels (twice to skip confirmation).
[W 2024-09-27 16:37:49.042 ServerApp] No web browser found: Error('could not locate runnable browser').
[C 2024-09-27 16:37:49.042 ServerApp] 
    
    To access the server, open this file in a browser:
        file:///home/ec2-user/.local/share/jupyter/runtime/jpserver-3821-open.html
    Or copy and paste one of these URLs:
        http://ip-10-0-1-149.ec2.internal:8888/lab?token=e632bc177e57695a2d623073777dc1477ee9437e18874b94
        http://127.0.0.1:8888/lab?token=e632bc177e57695a2d623073777dc1477ee9437e18874b94
[I 2024-09-27 16:37:49.909 ServerApp] Skipped non-installed server(s): bash-language-server, dockerfile-language-server-nodejs, javascript-typescript-langserver, jedi-language-server, julia-language-server, pyright, python-language-server, python-lsp-server, r-languageserver, sql-language-server, texlab, typescript-language-server, unified-language-server, vscode-css-languageserver-bin, vscode-html-languageserver-bin, vscode-json-languageserver-bin, yaml-language-server
[I 2024-09-27 16:38:52.312 LabApp] Build is up to date
[I 2024-09-27 16:38:56.878 ServerApp] Writing notebook-signing key to /home/ec2-user/.local/share/jupyter/notebook_secret
[W 2024-09-27 16:38:56.908 ServerApp] Notebook C4_W2_Assignment.ipynb is not trusted
[I 2024-09-27 16:38:59.156 ServerApp] Kernel started: 5cdbaaf4-8a48-4e4f-955f-c454c3133a86
[I 2024-09-27 16:38:59.988 ServerApp] Connecting to kernel 5cdbaaf4-8a48-4e4f-955f-c454c3133a86.
[I 2024-09-27 16:39:00.540 ServerApp] Connecting to kernel 5cdbaaf4-8a48-4e4f-955f-c454c3133a86.
[I 2024-09-27 16:39:01.091 ServerApp] Connecting to kernel 5cdbaaf4-8a48-4e4f-955f-c454c3133a86.
[I 2024-09-27 16:40:47.205 ServerApp] Saving file at /src/env
[I 2024-09-27 16:40:58.084 ServerApp] Saving file at /C4_W2_Assignment.ipynb
[I 2024-09-27 16:43:01.107 ServerApp] Saving file at /C4_W2_Assignment.ipynb
[I 2024-09-27 16:45:01.701 ServerApp] Saving file at /C4_W2_Assignment.ipynb
[I 2024-09-27 16:45:49.357 ServerApp] Saving file at /C4_W2_Assignment.ipynb
[I 2024-09-27 16:47:50.236 ServerApp] Saving file at /C4_W2_Assignment.ipynb
[I 2024-09-27 16:49:51.118 ServerApp] Saving file at /C4_W2_Assignment.ipynb
[I 2024-09-27 16:51:51.994 ServerApp] Saving file at /C4_W2_Assignment.ipynb
[I 2024-09-27 16:53:55.322 ServerApp] Saving file at /C4_W2_Assignment.ipynb
[I 2024-09-27 16:55:56.478 ServerApp] Saving file at /C4_W2_Assignment.ipynb
[I 2024-09-27 16:57:57.627 ServerApp] Saving file at /C4_W2_Assignment.ipynb
[I 2024-09-27 16:59:58.819 ServerApp] Saving file at /C4_W2_Assignment.ipynb
[I 2024-09-27 17:01:59.442 ServerApp] Saving file at /C4_W2_Assignment.ipynb
[I 2024-09-27 17:04:00.060 ServerApp] Saving file at /C4_W2_Assignment.ipynb
